<?xml version="1.0" encoding="UTF-8"?>
<testng-results ignored="0" total="1" passed="1" failed="0" skipped="0">
  <reporter-output>
  </reporter-output>
  <suite started-at="2023-09-15T20:14:51 IST" name="Default suite" finished-at="2023-09-15T20:16:09 IST" duration-ms="77944">
    <groups>
      <group name="cucumber">
        <method signature="AbstractTestNGCucumberTests.runScenario(io.cucumber.testng.PickleWrapper, io.cucumber.testng.FeatureWrapper)[pri:0, instance:firstcrybaby.Babyfirstcry.testscripts.TestRunner@54a7079e]" name="runScenario" class="io.cucumber.testng.AbstractTestNGCucumberTests"/>
      </group> <!-- cucumber -->
    </groups>
    <test started-at="2023-09-15T20:14:51 IST" name="Default test" finished-at="2023-09-15T20:16:09 IST" duration-ms="77944">
      <class name="firstcrybaby.Babyfirstcry.testscripts.TestRunner">
        <test-method is-config="true" signature="setUpClass(org.testng.ITestContext)[pri:0, instance:firstcrybaby.Babyfirstcry.testscripts.TestRunner@54a7079e]" started-at="2023-09-15T20:14:51 IST" name="setUpClass" finished-at="2023-09-15T20:14:52 IST" duration-ms="846" status="PASS">
          <params>
            <param index="0">
              <value>
                <![CDATA[org.testng.TestRunner@7d66e544]]>
              </value>
            </param>
          </params>
          <reporter-output>
          </reporter-output>
        </test-method> <!-- setUpClass -->
        <test-method signature="runScenario(io.cucumber.testng.PickleWrapper, io.cucumber.testng.FeatureWrapper)[pri:0, instance:firstcrybaby.Babyfirstcry.testscripts.TestRunner@54a7079e]" started-at="2023-09-15T20:14:52 IST" name="runScenario" description="Runs Cucumber Scenarios" data-provider="scenarios" finished-at="2023-09-15T20:16:06 IST" duration-ms="74568" status="PASS">
          <params>
            <param index="0">
              <value>
                <![CDATA["Shortlist products"]]>
              </value>
            </param>
            <param index="1">
              <value>
                <![CDATA["Optional[Shortlist products in an application]"]]>
              </value>
            </param>
          </params>
          <reporter-output>
          </reporter-output>
        </test-method> <!-- runScenario -->
        <test-method is-config="true" signature="tearDownClass()[pri:0, instance:firstcrybaby.Babyfirstcry.testscripts.TestRunner@54a7079e]" started-at="2023-09-15T20:16:06 IST" name="tearDownClass" finished-at="2023-09-15T20:16:09 IST" duration-ms="2408" status="PASS">
          <reporter-output>
          </reporter-output>
        </test-method> <!-- tearDownClass -->
      </class> <!-- firstcrybaby.Babyfirstcry.testscripts.TestRunner -->
    </test> <!-- Default test -->
  </suite> <!-- Default suite -->
</testng-results>
